Sending build context to Docker daemon   2.56kB
Step 1/7 : FROM jmervine/herokudev-base:heroku16
 ---> 87b4f0f783bd
Step 2/7 : ENV NODE_VERSION 8.7.0
 ---> Running in 32aa6226abbd
 ---> 60a4cb14fa7d
Removing intermediate container 32aa6226abbd
Step 3/7 : RUN curl -s http://nodejs.org/dist/v${NODE_VERSION}/node-v${NODE_VERSION}-linux-x64.tar.gz |   gunzip -c | tar -xf - -C /
 ---> Running in b8f99051d365
 ---> 5b7b74a105ad
Removing intermediate container b8f99051d365
Step 4/7 : ENV PATH /node-v${NODE_VERSION}-linux-x64/bin:$PATH
 ---> Running in 8bba086d881f
 ---> c6f8d0d5596d
Removing intermediate container 8bba086d881f
Step 5/7 : RUN mkdir -p /src
 ---> Running in ca44c7f3034b
 ---> e1b48594dc96
Removing intermediate container ca44c7f3034b
Step 6/7 : WORKDIR /src
 ---> 9b0f9cd72301
Removing intermediate container d786c1fbce7a
Step 7/7 : CMD /bin/bash
 ---> Running in 53234e072c2b
 ---> 7c6c954ba66d
Removing intermediate container 53234e072c2b
Successfully built 7c6c954ba66d
Successfully tagged jmervine/herokudev-node:8.7.0
The push refers to a repository [docker.io/jmervine/herokudev-node]
6424b4b8a18f: Preparing
f5b09958a9f1: Preparing
9e33e404d852: Preparing
c80dabffdc78: Preparing
fd040abe5224: Preparing
44c5084a0ad6: Preparing
29266a1d8b4c: Preparing
49907af65b0a: Preparing
4589f96366e6: Preparing
b97229212d30: Preparing
cd181336f142: Preparing
0f5ff0cf6a1c: Preparing
4589f96366e6: Waiting
b97229212d30: Waiting
44c5084a0ad6: Waiting
cd181336f142: Waiting
29266a1d8b4c: Waiting
0f5ff0cf6a1c: Waiting
49907af65b0a: Waiting
f5b09958a9f1: Layer already exists
c80dabffdc78: Layer already exists
9e33e404d852: Layer already exists
fd040abe5224: Layer already exists
29266a1d8b4c: Layer already exists
49907af65b0a: Layer already exists
44c5084a0ad6: Layer already exists
4589f96366e6: Layer already exists
cd181336f142: Layer already exists
b97229212d30: Layer already exists
0f5ff0cf6a1c: Layer already exists
6424b4b8a18f: Pushed
8.7.0: digest: sha256:6337973e03da4d8fac77e4330457308b4c7785a57b9a21a90a412025743871b6 size: 2831
The push refers to a repository [docker.io/jmervine/herokudev-node]
6424b4b8a18f: Preparing
f5b09958a9f1: Preparing
9e33e404d852: Preparing
c80dabffdc78: Preparing
fd040abe5224: Preparing
44c5084a0ad6: Preparing
29266a1d8b4c: Preparing
49907af65b0a: Preparing
4589f96366e6: Preparing
b97229212d30: Preparing
cd181336f142: Preparing
0f5ff0cf6a1c: Preparing
44c5084a0ad6: Waiting
29266a1d8b4c: Waiting
49907af65b0a: Waiting
4589f96366e6: Waiting
b97229212d30: Waiting
cd181336f142: Waiting
0f5ff0cf6a1c: Waiting
f5b09958a9f1: Layer already exists
9e33e404d852: Layer already exists
c80dabffdc78: Layer already exists
6424b4b8a18f: Layer already exists
fd040abe5224: Layer already exists
29266a1d8b4c: Layer already exists
4589f96366e6: Layer already exists
49907af65b0a: Layer already exists
b97229212d30: Layer already exists
44c5084a0ad6: Layer already exists
cd181336f142: Layer already exists
0f5ff0cf6a1c: Layer already exists
latest: digest: sha256:6337973e03da4d8fac77e4330457308b4c7785a57b9a21a90a412025743871b6 size: 2831
Sending build context to Docker daemon   2.56kB
Step 1/7 : FROM jmervine/herokudev-base:heroku16
 ---> 87b4f0f783bd
Step 2/7 : ENV NODE_VERSION 8.7.0
 ---> Using cache
 ---> 60a4cb14fa7d
Step 3/7 : RUN curl -s http://nodejs.org/dist/v${NODE_VERSION}/node-v${NODE_VERSION}-linux-x64.tar.gz |   gunzip -c | tar -xf - -C /
 ---> Using cache
 ---> 5b7b74a105ad
Step 4/7 : ENV PATH /node-v${NODE_VERSION}-linux-x64/bin:$PATH
 ---> Using cache
 ---> c6f8d0d5596d
Step 5/7 : RUN mkdir -p /src
 ---> Using cache
 ---> e1b48594dc96
Step 6/7 : WORKDIR /src
 ---> Using cache
 ---> 9b0f9cd72301
Step 7/7 : CMD /bin/bash
 ---> Using cache
 ---> 7c6c954ba66d
Successfully built 7c6c954ba66d
Successfully tagged jmervine/herokudev-node:8.7.0
The push refers to a repository [docker.io/jmervine/herokudev-node]
6424b4b8a18f: Preparing
f5b09958a9f1: Preparing
9e33e404d852: Preparing
c80dabffdc78: Preparing
fd040abe5224: Preparing
44c5084a0ad6: Preparing
29266a1d8b4c: Preparing
49907af65b0a: Preparing
4589f96366e6: Preparing
b97229212d30: Preparing
cd181336f142: Preparing
0f5ff0cf6a1c: Preparing
44c5084a0ad6: Waiting
4589f96366e6: Waiting
29266a1d8b4c: Waiting
b97229212d30: Waiting
49907af65b0a: Waiting
cd181336f142: Waiting
0f5ff0cf6a1c: Waiting
6424b4b8a18f: Layer already exists
f5b09958a9f1: Layer already exists
9e33e404d852: Layer already exists
c80dabffdc78: Layer already exists
fd040abe5224: Layer already exists
49907af65b0a: Layer already exists
29266a1d8b4c: Layer already exists
4589f96366e6: Layer already exists
44c5084a0ad6: Layer already exists
b97229212d30: Layer already exists
cd181336f142: Layer already exists
0f5ff0cf6a1c: Layer already exists
8.7.0: digest: sha256:6337973e03da4d8fac77e4330457308b4c7785a57b9a21a90a412025743871b6 size: 2831
Sending build context to Docker daemon   2.56kB
Step 1/7 : FROM jmervine/herokudev-base:heroku16
 ---> 87b4f0f783bd
Step 2/7 : ENV NODE_VERSION 8.7.0
 ---> Using cache
 ---> 60a4cb14fa7d
Step 3/7 : RUN curl -s http://nodejs.org/dist/v${NODE_VERSION}/node-v${NODE_VERSION}-linux-x64.tar.gz |   gunzip -c | tar -xf - -C /
 ---> Using cache
 ---> 5b7b74a105ad
Step 4/7 : ENV PATH /node-v${NODE_VERSION}-linux-x64/bin:$PATH
 ---> Using cache
 ---> c6f8d0d5596d
Step 5/7 : RUN mkdir -p /src
 ---> Using cache
 ---> e1b48594dc96
Step 6/7 : WORKDIR /src
 ---> Using cache
 ---> 9b0f9cd72301
Step 7/7 : CMD /bin/bash
 ---> Using cache
 ---> 7c6c954ba66d
Successfully built 7c6c954ba66d
Successfully tagged jmervine/herokudev-node:8.7.0
The push refers to a repository [docker.io/jmervine/herokudev-node]
6424b4b8a18f: Preparing
f5b09958a9f1: Preparing
9e33e404d852: Preparing
c80dabffdc78: Preparing
fd040abe5224: Preparing
44c5084a0ad6: Preparing
29266a1d8b4c: Preparing
49907af65b0a: Preparing
4589f96366e6: Preparing
b97229212d30: Preparing
cd181336f142: Preparing
0f5ff0cf6a1c: Preparing
4589f96366e6: Waiting
44c5084a0ad6: Waiting
b97229212d30: Waiting
cd181336f142: Waiting
29266a1d8b4c: Waiting
0f5ff0cf6a1c: Waiting
49907af65b0a: Waiting
6424b4b8a18f: Layer already exists
f5b09958a9f1: Layer already exists
9e33e404d852: Layer already exists
c80dabffdc78: Layer already exists
fd040abe5224: Layer already exists
49907af65b0a: Layer already exists
29266a1d8b4c: Layer already exists
4589f96366e6: Layer already exists
44c5084a0ad6: Layer already exists
b97229212d30: Layer already exists
cd181336f142: Layer already exists
0f5ff0cf6a1c: Layer already exists
8.7.0: digest: sha256:6337973e03da4d8fac77e4330457308b4c7785a57b9a21a90a412025743871b6 size: 2831
Sending build context to Docker daemon   2.56kB
Step 1/7 : FROM jmervine/herokudev-base:heroku16
 ---> 87b4f0f783bd
Step 2/7 : ENV NODE_VERSION 8.7.0
 ---> Using cache
 ---> 60a4cb14fa7d
Step 3/7 : RUN curl -s http://nodejs.org/dist/v${NODE_VERSION}/node-v${NODE_VERSION}-linux-x64.tar.gz |   gunzip -c | tar -xf - -C /
 ---> Using cache
 ---> 5b7b74a105ad
Step 4/7 : ENV PATH /node-v${NODE_VERSION}-linux-x64/bin:$PATH
 ---> Using cache
 ---> c6f8d0d5596d
Step 5/7 : RUN mkdir -p /src
 ---> Using cache
 ---> e1b48594dc96
Step 6/7 : WORKDIR /src
 ---> Using cache
 ---> 9b0f9cd72301
Step 7/7 : CMD /bin/bash
 ---> Using cache
 ---> 7c6c954ba66d
Successfully built 7c6c954ba66d
Successfully tagged jmervine/herokudev-node:8.7.0
The push refers to a repository [docker.io/jmervine/herokudev-node]
6424b4b8a18f: Preparing
f5b09958a9f1: Preparing
9e33e404d852: Preparing
c80dabffdc78: Preparing
fd040abe5224: Preparing
44c5084a0ad6: Preparing
29266a1d8b4c: Preparing
49907af65b0a: Preparing
4589f96366e6: Preparing
b97229212d30: Preparing
cd181336f142: Preparing
0f5ff0cf6a1c: Preparing
cd181336f142: Waiting
49907af65b0a: Waiting
0f5ff0cf6a1c: Waiting
44c5084a0ad6: Waiting
4589f96366e6: Waiting
b97229212d30: Waiting
29266a1d8b4c: Waiting
f5b09958a9f1: Layer already exists
9e33e404d852: Layer already exists
c80dabffdc78: Layer already exists
6424b4b8a18f: Layer already exists
fd040abe5224: Layer already exists
29266a1d8b4c: Layer already exists
49907af65b0a: Layer already exists
4589f96366e6: Layer already exists
44c5084a0ad6: Layer already exists
b97229212d30: Layer already exists
cd181336f142: Layer already exists
0f5ff0cf6a1c: Layer already exists
8.7.0: digest: sha256:6337973e03da4d8fac77e4330457308b4c7785a57b9a21a90a412025743871b6 size: 2831
