Error response from daemon: No such image: jmervine/herokudev-ruby:2.3.1
Sending build context to Docker daemon  2.048kB
Step 1/5 : FROM jmervine/herokudev-node:latest
 ---> 311c8fefc539
Step 2/5 : ENV RUBY_VERSION 2.3.1
 ---> Running in 20787d29c6b3
 ---> 381ee9ebceb9
Removing intermediate container 20787d29c6b3
Step 3/5 : RUN mkdir -p /src
 ---> Running in d0cb40af4219
 ---> a531a233d388
Removing intermediate container d0cb40af4219
Step 4/5 : WORKDIR /src
 ---> 2b8f74b99a56
Removing intermediate container 9245a977bb02
Step 5/5 : CMD /bin/bash
 ---> Running in 07f71db28b56
 ---> aed895585215
Removing intermediate container 07f71db28b56
Successfully built aed895585215
Successfully tagged jmervine/herokudev-ruby:2.3.1
The push refers to a repository [docker.io/jmervine/herokudev-ruby]
0e331541adbe: Preparing
f5b09958a9f1: Preparing
9e33e404d852: Preparing
c80dabffdc78: Preparing
fd040abe5224: Preparing
44c5084a0ad6: Preparing
29266a1d8b4c: Preparing
49907af65b0a: Preparing
4589f96366e6: Preparing
b97229212d30: Preparing
cd181336f142: Preparing
0f5ff0cf6a1c: Preparing
4589f96366e6: Waiting
44c5084a0ad6: Waiting
b97229212d30: Waiting
cd181336f142: Waiting
0f5ff0cf6a1c: Waiting
29266a1d8b4c: Waiting
0e331541adbe: Layer already exists
9e33e404d852: Mounted from jmervine/herokudev-base
f5b09958a9f1: Mounted from jmervine/herokudev-base
c80dabffdc78: Mounted from jmervine/herokudev-base
fd040abe5224: Mounted from jmervine/herokudev-base
44c5084a0ad6: Mounted from jmervine/herokudev-base
29266a1d8b4c: Mounted from jmervine/herokudev-base
4589f96366e6: Mounted from jmervine/herokudev-base
49907af65b0a: Mounted from jmervine/herokudev-base
b97229212d30: Mounted from jmervine/herokudev-base
cd181336f142: Mounted from jmervine/herokudev-base
0f5ff0cf6a1c: Mounted from jmervine/herokudev-base
2.3.1: digest: sha256:57bea4cbe6fa79d79d05fdbb5745b98276f377cb41873db339d868be2ca56b73 size: 2831
Sending build context to Docker daemon  2.048kB
Step 1/5 : FROM jmervine/herokudev-node:latest
 ---> 45c785142bb8
Step 2/5 : ENV RUBY_VERSION 2.3.1
 ---> Running in 84125289c342
 ---> 05ff9e785cfc
Removing intermediate container 84125289c342
Step 3/5 : RUN mkdir -p /src
 ---> Running in de0c5a5155e3
 ---> 34abe52fb3f8
Removing intermediate container de0c5a5155e3
Step 4/5 : WORKDIR /src
 ---> 53dd79f5d869
Removing intermediate container 33e4b7232966
Step 5/5 : CMD /bin/bash
 ---> Running in 2f89eb4eae74
 ---> 5a9ebc373b71
Removing intermediate container 2f89eb4eae74
Successfully built 5a9ebc373b71
Successfully tagged jmervine/herokudev-ruby:2.3.1
The push refers to a repository [docker.io/jmervine/herokudev-ruby]
a08678dcfb27: Preparing
f5b09958a9f1: Preparing
9e33e404d852: Preparing
c80dabffdc78: Preparing
fd040abe5224: Preparing
44c5084a0ad6: Preparing
29266a1d8b4c: Preparing
49907af65b0a: Preparing
4589f96366e6: Preparing
b97229212d30: Preparing
cd181336f142: Preparing
0f5ff0cf6a1c: Preparing
44c5084a0ad6: Waiting
29266a1d8b4c: Waiting
49907af65b0a: Waiting
b97229212d30: Waiting
4589f96366e6: Waiting
cd181336f142: Waiting
0f5ff0cf6a1c: Waiting
c80dabffdc78: Layer already exists
f5b09958a9f1: Layer already exists
9e33e404d852: Layer already exists
fd040abe5224: Layer already exists
49907af65b0a: Layer already exists
29266a1d8b4c: Layer already exists
4589f96366e6: Layer already exists
44c5084a0ad6: Layer already exists
a08678dcfb27: Mounted from jmervine/herokudev-node
cd181336f142: Layer already exists
b97229212d30: Layer already exists
0f5ff0cf6a1c: Layer already exists
2.3.1: digest: sha256:c6222441527c3c764481b58d4816db6cf1a5651321240434170d933434e16528 size: 2831
Sending build context to Docker daemon  2.048kB
Step 1/5 : FROM jmervine/herokudev-node:latest
 ---> 45c785142bb8
Step 2/5 : ENV RUBY_VERSION 2.3.1
 ---> Using cache
 ---> 05ff9e785cfc
Step 3/5 : RUN mkdir -p /src
 ---> Using cache
 ---> 34abe52fb3f8
Step 4/5 : WORKDIR /src
 ---> Using cache
 ---> 53dd79f5d869
Step 5/5 : CMD /bin/bash
 ---> Using cache
 ---> 5a9ebc373b71
Successfully built 5a9ebc373b71
Successfully tagged jmervine/herokudev-ruby:2.3.1
The push refers to a repository [docker.io/jmervine/herokudev-ruby]
a08678dcfb27: Preparing
f5b09958a9f1: Preparing
9e33e404d852: Preparing
c80dabffdc78: Preparing
fd040abe5224: Preparing
44c5084a0ad6: Preparing
29266a1d8b4c: Preparing
49907af65b0a: Preparing
4589f96366e6: Preparing
b97229212d30: Preparing
cd181336f142: Preparing
0f5ff0cf6a1c: Preparing
44c5084a0ad6: Waiting
29266a1d8b4c: Waiting
49907af65b0a: Waiting
4589f96366e6: Waiting
b97229212d30: Waiting
cd181336f142: Waiting
0f5ff0cf6a1c: Waiting
f5b09958a9f1: Layer already exists
c80dabffdc78: Layer already exists
a08678dcfb27: Layer already exists
9e33e404d852: Layer already exists
fd040abe5224: Layer already exists
29266a1d8b4c: Layer already exists
4589f96366e6: Layer already exists
49907af65b0a: Layer already exists
44c5084a0ad6: Layer already exists
b97229212d30: Layer already exists
cd181336f142: Layer already exists
0f5ff0cf6a1c: Layer already exists
2.3.1: digest: sha256:c6222441527c3c764481b58d4816db6cf1a5651321240434170d933434e16528 size: 2831
