The push refers to a repository [docker.io/jmervine/herokudev-node]
0e331541adbe: Preparing
f5b09958a9f1: Preparing
9e33e404d852: Preparing
c80dabffdc78: Preparing
fd040abe5224: Preparing
44c5084a0ad6: Preparing
29266a1d8b4c: Preparing
49907af65b0a: Preparing
4589f96366e6: Preparing
b97229212d30: Preparing
cd181336f142: Preparing
0f5ff0cf6a1c: Preparing
49907af65b0a: Waiting
4589f96366e6: Waiting
b97229212d30: Waiting
cd181336f142: Waiting
44c5084a0ad6: Waiting
29266a1d8b4c: Waiting
0f5ff0cf6a1c: Waiting
0e331541adbe: Layer already exists
9e33e404d852: Layer already exists
f5b09958a9f1: Layer already exists
c80dabffdc78: Layer already exists
fd040abe5224: Layer already exists
49907af65b0a: Layer already exists
4589f96366e6: Layer already exists
b97229212d30: Layer already exists
29266a1d8b4c: Layer already exists
44c5084a0ad6: Layer already exists
cd181336f142: Layer already exists
0f5ff0cf6a1c: Layer already exists
latest: digest: sha256:69aee1809011186a0d28a7e17ffe66cbb00ab4603573d9d6c678f31f15d563b0 size: 2831
ev-node:7.10.1
Sending build context to Docker daemon   2.56kB
Step 1/7 : FROM jmervine/herokudev-base:heroku16
 ---> 87b4f0f783bd
Step 2/7 : ENV NODE_VERSION 7.10.1
 ---> Using cache
 ---> 1ec23b27edaa
Step 3/7 : RUN curl -s http://nodejs.org/dist/v${NODE_VERSION}/node-v${NODE_VERSION}-linux-x64.tar.gz |   gunzip -c | tar -xf - -C /
 ---> Using cache
 ---> 39a965d7a91d
Step 4/7 : ENV PATH /node-v${NODE_VERSION}-linux-x64/bin:$PATH
 ---> Using cache
 ---> 469a2710cf9d
Step 5/7 : RUN mkdir -p /src
 ---> Using cache
 ---> e72c2d8ff7bd
Step 6/7 : WORKDIR /src
 ---> Using cache
 ---> c9d6b03f3958
Step 7/7 : CMD /bin/bash
 ---> Using cache
 ---> 1510b6e1bfe5
Successfully built 1510b6e1bfe5
Successfully tagged jmervine/herokudev-node:7.10.1
The push refers to a repository [docker.io/jmervine/herokudev-node]
0e331541adbe: Preparing
f5b09958a9f1: Preparing
9e33e404d852: Preparing
c80dabffdc78: Preparing
fd040abe5224: Preparing
44c5084a0ad6: Preparing
29266a1d8b4c: Preparing
49907af65b0a: Preparing
4589f96366e6: Preparing
b97229212d30: Preparing
cd181336f142: Preparing
0f5ff0cf6a1c: Preparing
44c5084a0ad6: Waiting
b97229212d30: Waiting
29266a1d8b4c: Waiting
49907af65b0a: Waiting
4589f96366e6: Waiting
cd181336f142: Waiting
0f5ff0cf6a1c: Waiting
0e331541adbe: Layer already exists
fd040abe5224: Layer already exists
c80dabffdc78: Layer already exists
9e33e404d852: Layer already exists
f5b09958a9f1: Layer already exists
29266a1d8b4c: Layer already exists
4589f96366e6: Layer already exists
49907af65b0a: Layer already exists
b97229212d30: Layer already exists
44c5084a0ad6: Layer already exists
cd181336f142: Layer already exists
0f5ff0cf6a1c: Layer already exists
7.10.1: digest: sha256:69aee1809011186a0d28a7e17ffe66cbb00ab4603573d9d6c678f31f15d563b0 size: 2831
The push refers to a repository [docker.io/jmervine/herokudev-node]
0e331541adbe: Preparing
f5b09958a9f1: Preparing
9e33e404d852: Preparing
c80dabffdc78: Preparing
fd040abe5224: Preparing
44c5084a0ad6: Preparing
29266a1d8b4c: Preparing
49907af65b0a: Preparing
4589f96366e6: Preparing
b97229212d30: Preparing
cd181336f142: Preparing
0f5ff0cf6a1c: Preparing
44c5084a0ad6: Waiting
29266a1d8b4c: Waiting
49907af65b0a: Waiting
b97229212d30: Waiting
4589f96366e6: Waiting
cd181336f142: Waiting
fd040abe5224: Layer already exists
9e33e404d852: Layer already exists
0e331541adbe: Layer already exists
f5b09958a9f1: Layer already exists
c80dabffdc78: Layer already exists
b97229212d30: Layer already exists
49907af65b0a: Layer already exists
4589f96366e6: Layer already exists
29266a1d8b4c: Layer already exists
44c5084a0ad6: Layer already exists
cd181336f142: Layer already exists
0f5ff0cf6a1c: Layer already exists
latest: digest: sha256:69aee1809011186a0d28a7e17ffe66cbb00ab4603573d9d6c678f31f15d563b0 size: 2831
Untagged: jmervine/herokudev-node:7.10.1
Untagged: jmervine/herokudev-node:latest
Untagged: jmervine/herokudev-node@sha256:69aee1809011186a0d28a7e17ffe66cbb00ab4603573d9d6c678f31f15d563b0
Deleted: sha256:1510b6e1bfe558f7795ca2c09bc06471df3aebc45635a7985ce2e8a3588f9396
Deleted: sha256:c9d6b03f3958e28cd2aa6892e4e7034776f0b48402c4547a63af3b93186dcf37
Deleted: sha256:e72c2d8ff7bd85e166f35a3be0f51c7253c64c2bd22554740bd6e01ea35ad12e
Deleted: sha256:469a2710cf9d48d2bff44ae6cdbc556e74825c4507e70cfdc8f85d928dd9c976
Deleted: sha256:39a965d7a91dce2ca7a61cd35703621a5ac1469d33a1f6f0ccfa8a3df8924e53
Deleted: sha256:20f717d7bf341e9aa625606c0f7cf99dafa489378efab8da550c122a94a55977
Deleted: sha256:1ec23b27edaac23e59a151efad6b6b01fbbd6f0c2c948bd3047ba14eb618d28e
Sending build context to Docker daemon   2.56kB
Step 1/7 : FROM jmervine/herokudev-base:heroku16
 ---> 87b4f0f783bd
Step 2/7 : ENV NODE_VERSION 7.10.1
 ---> Running in e20ce9878081
 ---> 029b3ad74d03
Removing intermediate container e20ce9878081
Step 3/7 : RUN curl -s http://nodejs.org/dist/v${NODE_VERSION}/node-v${NODE_VERSION}-linux-x64.tar.gz |   gunzip -c | tar -xf - -C /
 ---> Running in bdcf08309839
 ---> 531a5cbe2a69
Removing intermediate container bdcf08309839
Step 4/7 : ENV PATH /node-v${NODE_VERSION}-linux-x64/bin:$PATH
 ---> Running in 900b56da4c8c
 ---> 23f56c3e2ec1
Removing intermediate container 900b56da4c8c
Step 5/7 : RUN mkdir -p /src
 ---> Running in 238b387b1821
 ---> 22a418e7a524
Removing intermediate container 238b387b1821
Step 6/7 : WORKDIR /src
 ---> ebbaf563b520
Removing intermediate container 7065ce110fee
Step 7/7 : CMD /bin/bash
 ---> Running in c268f64e43d7
 ---> 311c8fefc539
Removing intermediate container c268f64e43d7
Successfully built 311c8fefc539
Successfully tagged jmervine/herokudev-node:7.10.1
The push refers to a repository [docker.io/jmervine/herokudev-node]
0e331541adbe: Preparing
f5b09958a9f1: Preparing
9e33e404d852: Preparing
c80dabffdc78: Preparing
fd040abe5224: Preparing
44c5084a0ad6: Preparing
29266a1d8b4c: Preparing
49907af65b0a: Preparing
4589f96366e6: Preparing
b97229212d30: Preparing
cd181336f142: Preparing
0f5ff0cf6a1c: Preparing
49907af65b0a: Waiting
4589f96366e6: Waiting
b97229212d30: Waiting
cd181336f142: Waiting
0f5ff0cf6a1c: Waiting
44c5084a0ad6: Waiting
29266a1d8b4c: Waiting
f5b09958a9f1: Layer already exists
c80dabffdc78: Layer already exists
9e33e404d852: Layer already exists
0e331541adbe: Layer already exists
fd040abe5224: Layer already exists
49907af65b0a: Layer already exists
4589f96366e6: Layer already exists
29266a1d8b4c: Layer already exists
b97229212d30: Layer already exists
44c5084a0ad6: Layer already exists
cd181336f142: Layer already exists
0f5ff0cf6a1c: Layer already exists
7.10.1: digest: sha256:509558ac3c3a63c75b3cfd3eb1691e0a8f56bc1fd778096567ea00a61a8feb03 size: 2831
The push refers to a repository [docker.io/jmervine/herokudev-node]
0e331541adbe: Preparing
f5b09958a9f1: Preparing
9e33e404d852: Preparing
c80dabffdc78: Preparing
fd040abe5224: Preparing
44c5084a0ad6: Preparing
29266a1d8b4c: Preparing
49907af65b0a: Preparing
4589f96366e6: Preparing
b97229212d30: Preparing
cd181336f142: Preparing
0f5ff0cf6a1c: Preparing
44c5084a0ad6: Waiting
29266a1d8b4c: Waiting
49907af65b0a: Waiting
4589f96366e6: Waiting
b97229212d30: Waiting
cd181336f142: Waiting
0f5ff0cf6a1c: Waiting
0e331541adbe: Layer already exists
c80dabffdc78: Layer already exists
fd040abe5224: Layer already exists
f5b09958a9f1: Layer already exists
9e33e404d852: Layer already exists
29266a1d8b4c: Layer already exists
49907af65b0a: Layer already exists
b97229212d30: Layer already exists
4589f96366e6: Layer already exists
cd181336f142: Layer already exists
0f5ff0cf6a1c: Layer already exists
44c5084a0ad6: Layer already exists
latest: digest: sha256:509558ac3c3a63c75b3cfd3eb1691e0a8f56bc1fd778096567ea00a61a8feb03 size: 2831
Untagged: jmervine/herokudev-node:7.10.1
Untagged: jmervine/herokudev-node:latest
Untagged: jmervine/herokudev-node@sha256:509558ac3c3a63c75b3cfd3eb1691e0a8f56bc1fd778096567ea00a61a8feb03
Sending build context to Docker daemon   2.56kB
Step 1/7 : FROM jmervine/herokudev-base:heroku16
 ---> 87b4f0f783bd
Step 2/7 : ENV NODE_VERSION 7.10.1
 ---> Using cache
 ---> 029b3ad74d03
Step 3/7 : RUN curl -s http://nodejs.org/dist/v${NODE_VERSION}/node-v${NODE_VERSION}-linux-x64.tar.gz |   gunzip -c | tar -xf - -C /
 ---> Using cache
 ---> 531a5cbe2a69
Step 4/7 : ENV PATH /node-v${NODE_VERSION}-linux-x64/bin:$PATH
 ---> Using cache
 ---> 23f56c3e2ec1
Step 5/7 : RUN mkdir -p /src
 ---> Using cache
 ---> 22a418e7a524
Step 6/7 : WORKDIR /src
 ---> Using cache
 ---> ebbaf563b520
Step 7/7 : CMD /bin/bash
 ---> Using cache
 ---> 311c8fefc539
Successfully built 311c8fefc539
Successfully tagged jmervine/herokudev-node:7.10.1
The push refers to a repository [docker.io/jmervine/herokudev-node]
0e331541adbe: Preparing
f5b09958a9f1: Preparing
9e33e404d852: Preparing
c80dabffdc78: Preparing
fd040abe5224: Preparing
44c5084a0ad6: Preparing
29266a1d8b4c: Preparing
49907af65b0a: Preparing
4589f96366e6: Preparing
b97229212d30: Preparing
cd181336f142: Preparing
0f5ff0cf6a1c: Preparing
44c5084a0ad6: Waiting
4589f96366e6: Waiting
0f5ff0cf6a1c: Waiting
b97229212d30: Waiting
cd181336f142: Waiting
49907af65b0a: Waiting
fd040abe5224: Layer already exists
0e331541adbe: Layer already exists
c80dabffdc78: Layer already exists
9e33e404d852: Layer already exists
f5b09958a9f1: Layer already exists
29266a1d8b4c: Layer already exists
4589f96366e6: Layer already exists
b97229212d30: Layer already exists
49907af65b0a: Layer already exists
44c5084a0ad6: Layer already exists
cd181336f142: Layer already exists
0f5ff0cf6a1c: Layer already exists
7.10.1: digest: sha256:509558ac3c3a63c75b3cfd3eb1691e0a8f56bc1fd778096567ea00a61a8feb03 size: 2831
The push refers to a repository [docker.io/jmervine/herokudev-node]
0e331541adbe: Preparing
f5b09958a9f1: Preparing
9e33e404d852: Preparing
c80dabffdc78: Preparing
fd040abe5224: Preparing
44c5084a0ad6: Preparing
29266a1d8b4c: Preparing
49907af65b0a: Preparing
4589f96366e6: Preparing
b97229212d30: Preparing
cd181336f142: Preparing
0f5ff0cf6a1c: Preparing
44c5084a0ad6: Waiting
29266a1d8b4c: Waiting
4589f96366e6: Waiting
49907af65b0a: Waiting
b97229212d30: Waiting
cd181336f142: Waiting
0f5ff0cf6a1c: Waiting
fd040abe5224: Layer already exists
9e33e404d852: Layer already exists
0e331541adbe: Layer already exists
c80dabffdc78: Layer already exists
f5b09958a9f1: Layer already exists
49907af65b0a: Layer already exists
b97229212d30: Layer already exists
4589f96366e6: Layer already exists
29266a1d8b4c: Layer already exists
44c5084a0ad6: Layer already exists
cd181336f142: Layer already exists
0f5ff0cf6a1c: Layer already exists
latest: digest: sha256:509558ac3c3a63c75b3cfd3eb1691e0a8f56bc1fd778096567ea00a61a8feb03 size: 2831
Sending build context to Docker daemon   2.56kB
Step 1/7 : FROM jmervine/herokudev-base:heroku16
 ---> 87b4f0f783bd
Step 2/7 : ENV NODE_VERSION 7.10.1
 ---> Using cache
 ---> 029b3ad74d03
Step 3/7 : RUN curl -s http://nodejs.org/dist/v${NODE_VERSION}/node-v${NODE_VERSION}-linux-x64.tar.gz |   gunzip -c | tar -xf - -C /
 ---> Using cache
 ---> 531a5cbe2a69
Step 4/7 : ENV PATH /node-v${NODE_VERSION}-linux-x64/bin:$PATH
 ---> Using cache
 ---> 23f56c3e2ec1
Step 5/7 : RUN mkdir -p /src
 ---> Using cache
 ---> 22a418e7a524
Step 6/7 : WORKDIR /src
 ---> Using cache
 ---> ebbaf563b520
Step 7/7 : CMD /bin/bash
 ---> Using cache
 ---> 311c8fefc539
Successfully built 311c8fefc539
Successfully tagged jmervine/herokudev-node:7.10.1
The push refers to a repository [docker.io/jmervine/herokudev-node]
0e331541adbe: Preparing
f5b09958a9f1: Preparing
9e33e404d852: Preparing
c80dabffdc78: Preparing
fd040abe5224: Preparing
44c5084a0ad6: Preparing
29266a1d8b4c: Preparing
49907af65b0a: Preparing
4589f96366e6: Preparing
b97229212d30: Preparing
cd181336f142: Preparing
0f5ff0cf6a1c: Preparing
49907af65b0a: Waiting
4589f96366e6: Waiting
b97229212d30: Waiting
44c5084a0ad6: Waiting
cd181336f142: Waiting
29266a1d8b4c: Waiting
9e33e404d852: Layer already exists
c80dabffdc78: Layer already exists
0e331541adbe: Layer already exists
f5b09958a9f1: Layer already exists
fd040abe5224: Layer already exists
49907af65b0a: Layer already exists
4589f96366e6: Layer already exists
29266a1d8b4c: Layer already exists
b97229212d30: Layer already exists
44c5084a0ad6: Layer already exists
cd181336f142: Layer already exists
0f5ff0cf6a1c: Layer already exists
7.10.1: digest: sha256:509558ac3c3a63c75b3cfd3eb1691e0a8f56bc1fd778096567ea00a61a8feb03 size: 2831
The push refers to a repository [docker.io/jmervine/herokudev-node]
0e331541adbe: Preparing
f5b09958a9f1: Preparing
9e33e404d852: Preparing
c80dabffdc78: Preparing
fd040abe5224: Preparing
44c5084a0ad6: Preparing
29266a1d8b4c: Preparing
49907af65b0a: Preparing
4589f96366e6: Preparing
b97229212d30: Preparing
cd181336f142: Preparing
0f5ff0cf6a1c: Preparing
44c5084a0ad6: Waiting
4589f96366e6: Waiting
29266a1d8b4c: Waiting
49907af65b0a: Waiting
b97229212d30: Waiting
cd181336f142: Waiting
0f5ff0cf6a1c: Waiting
f5b09958a9f1: Layer already exists
9e33e404d852: Layer already exists
c80dabffdc78: Layer already exists
0e331541adbe: Layer already exists
fd040abe5224: Layer already exists
29266a1d8b4c: Layer already exists
49907af65b0a: Layer already exists
4589f96366e6: Layer already exists
b97229212d30: Layer already exists
44c5084a0ad6: Layer already exists
cd181336f142: Layer already exists
0f5ff0cf6a1c: Layer already exists
latest: digest: sha256:509558ac3c3a63c75b3cfd3eb1691e0a8f56bc1fd778096567ea00a61a8feb03 size: 2831
Sending build context to Docker daemon   2.56kB
Step 1/7 : FROM jmervine/herokudev-base:heroku16
 ---> 87b4f0f783bd
Step 2/7 : ENV NODE_VERSION 7.10.1
 ---> Using cache
 ---> 029b3ad74d03
Step 3/7 : RUN curl -s http://nodejs.org/dist/v${NODE_VERSION}/node-v${NODE_VERSION}-linux-x64.tar.gz |   gunzip -c | tar -xf - -C /
 ---> Using cache
 ---> 531a5cbe2a69
Step 4/7 : ENV PATH /node-v${NODE_VERSION}-linux-x64/bin:$PATH
 ---> Using cache
 ---> 23f56c3e2ec1
Step 5/7 : RUN mkdir -p /src
 ---> Using cache
 ---> 22a418e7a524
Step 6/7 : WORKDIR /src
 ---> Using cache
 ---> ebbaf563b520
Step 7/7 : CMD /bin/bash
 ---> Using cache
 ---> 311c8fefc539
Successfully built 311c8fefc539
Successfully tagged jmervine/herokudev-node:7.10.1
The push refers to a repository [docker.io/jmervine/herokudev-node]
0e331541adbe: Preparing
f5b09958a9f1: Preparing
9e33e404d852: Preparing
c80dabffdc78: Preparing
fd040abe5224: Preparing
44c5084a0ad6: Preparing
29266a1d8b4c: Preparing
49907af65b0a: Preparing
4589f96366e6: Preparing
b97229212d30: Preparing
cd181336f142: Preparing
0f5ff0cf6a1c: Preparing
0f5ff0cf6a1c: Waiting
49907af65b0a: Waiting
0e331541adbe: Waiting
44c5084a0ad6: Waiting
29266a1d8b4c: Waiting
b97229212d30: Waiting
cd181336f142: Waiting
4589f96366e6: Waiting
9e33e404d852: Layer already exists
c80dabffdc78: Layer already exists
f5b09958a9f1: Layer already exists
fd040abe5224: Layer already exists
29266a1d8b4c: Layer already exists
4589f96366e6: Layer already exists
49907af65b0a: Layer already exists
b97229212d30: Layer already exists
44c5084a0ad6: Layer already exists
cd181336f142: Layer already exists
0f5ff0cf6a1c: Layer already exists
0e331541adbe: Layer already exists
7.10.1: digest: sha256:509558ac3c3a63c75b3cfd3eb1691e0a8f56bc1fd778096567ea00a61a8feb03 size: 2831
Sending build context to Docker daemon   2.56kB
Step 1/7 : FROM jmervine/herokudev-base:heroku16
 ---> 87b4f0f783bd
Step 2/7 : ENV NODE_VERSION 7.10.1
 ---> Using cache
 ---> 029b3ad74d03
Step 3/7 : RUN curl -s http://nodejs.org/dist/v${NODE_VERSION}/node-v${NODE_VERSION}-linux-x64.tar.gz |   gunzip -c | tar -xf - -C /
 ---> Using cache
 ---> 531a5cbe2a69
Step 4/7 : ENV PATH /node-v${NODE_VERSION}-linux-x64/bin:$PATH
 ---> Using cache
 ---> 23f56c3e2ec1
Step 5/7 : RUN mkdir -p /src
 ---> Using cache
 ---> 22a418e7a524
Step 6/7 : WORKDIR /src
 ---> Using cache
 ---> ebbaf563b520
Step 7/7 : CMD /bin/bash
 ---> Using cache
 ---> 311c8fefc539
Successfully built 311c8fefc539
Successfully tagged jmervine/herokudev-node:7.10.1
The push refers to a repository [docker.io/jmervine/herokudev-node]
0e331541adbe: Preparing
f5b09958a9f1: Preparing
9e33e404d852: Preparing
c80dabffdc78: Preparing
fd040abe5224: Preparing
44c5084a0ad6: Preparing
29266a1d8b4c: Preparing
49907af65b0a: Preparing
4589f96366e6: Preparing
b97229212d30: Preparing
cd181336f142: Preparing
0f5ff0cf6a1c: Preparing
0f5ff0cf6a1c: Waiting
49907af65b0a: Waiting
44c5084a0ad6: Waiting
29266a1d8b4c: Waiting
b97229212d30: Waiting
4589f96366e6: Waiting
cd181336f142: Waiting
0e331541adbe: Waiting
f5b09958a9f1: Layer already exists
9e33e404d852: Layer already exists
c80dabffdc78: Layer already exists
fd040abe5224: Layer already exists
49907af65b0a: Layer already exists
29266a1d8b4c: Layer already exists
4589f96366e6: Layer already exists
44c5084a0ad6: Layer already exists
b97229212d30: Layer already exists
cd181336f142: Layer already exists
0f5ff0cf6a1c: Layer already exists
0e331541adbe: Layer already exists
7.10.1: digest: sha256:509558ac3c3a63c75b3cfd3eb1691e0a8f56bc1fd778096567ea00a61a8feb03 size: 2831
Sending build context to Docker daemon   2.56kB
Step 1/7 : FROM jmervine/herokudev-base:heroku16
 ---> 87b4f0f783bd
Step 2/7 : ENV NODE_VERSION 7.10.1
 ---> Using cache
 ---> 029b3ad74d03
Step 3/7 : RUN curl -s http://nodejs.org/dist/v${NODE_VERSION}/node-v${NODE_VERSION}-linux-x64.tar.gz |   gunzip -c | tar -xf - -C /
 ---> Using cache
 ---> 531a5cbe2a69
Step 4/7 : ENV PATH /node-v${NODE_VERSION}-linux-x64/bin:$PATH
 ---> Using cache
 ---> 23f56c3e2ec1
Step 5/7 : RUN mkdir -p /src
 ---> Using cache
 ---> 22a418e7a524
Step 6/7 : WORKDIR /src
 ---> Using cache
 ---> ebbaf563b520
Step 7/7 : CMD /bin/bash
 ---> Using cache
 ---> 311c8fefc539
Successfully built 311c8fefc539
Successfully tagged jmervine/herokudev-node:7.10.1
The push refers to a repository [docker.io/jmervine/herokudev-node]
0e331541adbe: Preparing
f5b09958a9f1: Preparing
9e33e404d852: Preparing
c80dabffdc78: Preparing
fd040abe5224: Preparing
44c5084a0ad6: Preparing
29266a1d8b4c: Preparing
49907af65b0a: Preparing
4589f96366e6: Preparing
b97229212d30: Preparing
cd181336f142: Preparing
0f5ff0cf6a1c: Preparing
0f5ff0cf6a1c: Waiting
44c5084a0ad6: Waiting
29266a1d8b4c: Waiting
49907af65b0a: Waiting
cd181336f142: Waiting
b97229212d30: Waiting
4589f96366e6: Waiting
0e331541adbe: Waiting
f5b09958a9f1: Layer already exists
9e33e404d852: Layer already exists
c80dabffdc78: Layer already exists
fd040abe5224: Layer already exists
49907af65b0a: Layer already exists
29266a1d8b4c: Layer already exists
4589f96366e6: Layer already exists
44c5084a0ad6: Layer already exists
b97229212d30: Layer already exists
cd181336f142: Layer already exists
0f5ff0cf6a1c: Layer already exists
0e331541adbe: Layer already exists
7.10.1: digest: sha256:509558ac3c3a63c75b3cfd3eb1691e0a8f56bc1fd778096567ea00a61a8feb03 size: 2831
Sending build context to Docker daemon   2.56kB
Step 1/7 : FROM jmervine/herokudev-base:heroku16
 ---> 87b4f0f783bd
Step 2/7 : ENV NODE_VERSION 7.10.1
 ---> Using cache
 ---> 029b3ad74d03
Step 3/7 : RUN curl -s http://nodejs.org/dist/v${NODE_VERSION}/node-v${NODE_VERSION}-linux-x64.tar.gz |   gunzip -c | tar -xf - -C /
 ---> Using cache
 ---> 531a5cbe2a69
Step 4/7 : ENV PATH /node-v${NODE_VERSION}-linux-x64/bin:$PATH
 ---> Using cache
 ---> 23f56c3e2ec1
Step 5/7 : RUN mkdir -p /src
 ---> Using cache
 ---> 22a418e7a524
Step 6/7 : WORKDIR /src
 ---> Using cache
 ---> ebbaf563b520
Step 7/7 : CMD /bin/bash
 ---> Using cache
 ---> 311c8fefc539
Successfully built 311c8fefc539
Successfully tagged jmervine/herokudev-node:7.10.1
The push refers to a repository [docker.io/jmervine/herokudev-node]
0e331541adbe: Preparing
f5b09958a9f1: Preparing
9e33e404d852: Preparing
c80dabffdc78: Preparing
fd040abe5224: Preparing
44c5084a0ad6: Preparing
29266a1d8b4c: Preparing
49907af65b0a: Preparing
4589f96366e6: Preparing
b97229212d30: Preparing
cd181336f142: Preparing
0f5ff0cf6a1c: Preparing
0e331541adbe: Waiting
0f5ff0cf6a1c: Waiting
44c5084a0ad6: Waiting
4589f96366e6: Waiting
b97229212d30: Waiting
29266a1d8b4c: Waiting
49907af65b0a: Waiting
cd181336f142: Waiting
f5b09958a9f1: Layer already exists
9e33e404d852: Layer already exists
c80dabffdc78: Layer already exists
fd040abe5224: Layer already exists
29266a1d8b4c: Layer already exists
49907af65b0a: Layer already exists
4589f96366e6: Layer already exists
44c5084a0ad6: Layer already exists
b97229212d30: Layer already exists
cd181336f142: Layer already exists
0f5ff0cf6a1c: Layer already exists
0e331541adbe: Layer already exists
7.10.1: digest: sha256:509558ac3c3a63c75b3cfd3eb1691e0a8f56bc1fd778096567ea00a61a8feb03 size: 2831
